  sample.cpp
c:\users\rheamae\documents\oregon state university\courses\fall 2016\cs 450\project 2\sample.cpp(769): warning C4244: '=': conversion from 'double' to 'float', possible loss of data
c:\users\rheamae\documents\oregon state university\courses\fall 2016\cs 450\project 2\sample.cpp(772): warning C4244: '=': conversion from 'double' to 'float', possible loss of data
c:\users\rheamae\documents\oregon state university\courses\fall 2016\cs 450\project 2\sample.cpp(786): warning C4244: '=': conversion from 'double' to 'float', possible loss of data
c:\users\rheamae\documents\oregon state university\courses\fall 2016\cs 450\project 2\sample.cpp(789): warning C4244: '=': conversion from 'double' to 'float', possible loss of data
c:\users\rheamae\documents\oregon state university\courses\fall 2016\cs 450\project 2\sample.cpp(803): warning C4244: '=': conversion from 'double' to 'float', possible loss of data
c:\users\rheamae\documents\oregon state university\courses\fall 2016\cs 450\project 2\sample.cpp(806): warning C4244: '=': conversion from 'double' to 'float', possible loss of data
c:\users\rheamae\documents\oregon state university\courses\fall 2016\cs 450\project 2\sample.cpp(820): warning C4244: '=': conversion from 'double' to 'float', possible loss of data
c:\users\rheamae\documents\oregon state university\courses\fall 2016\cs 450\project 2\sample.cpp(823): warning C4244: '=': conversion from 'double' to 'float', possible loss of data
c:\users\rheamae\documents\oregon state university\courses\fall 2016\cs 450\project 2\sample.cpp(835): warning C4244: '=': conversion from 'double' to 'float', possible loss of data
c:\users\rheamae\documents\oregon state university\courses\fall 2016\cs 450\project 2\sample.cpp(838): warning C4244: '=': conversion from 'double' to 'float', possible loss of data
c:\users\rheamae\documents\oregon state university\courses\fall 2016\cs 450\project 2\sample.cpp(852): warning C4244: '=': conversion from 'double' to 'float', possible loss of data
c:\users\rheamae\documents\oregon state university\courses\fall 2016\cs 450\project 2\sample.cpp(855): warning C4244: '=': conversion from 'double' to 'float', possible loss of data
c:\users\rheamae\documents\oregon state university\courses\fall 2016\cs 450\project 2\sample.cpp(1024): warning C4305: 'argument': truncation from 'double' to 'GLfloat'
c:\users\rheamae\documents\oregon state university\courses\fall 2016\cs 450\project 2\sample.cpp(1025): warning C4305: 'argument': truncation from 'double' to 'GLfloat'
c:\users\rheamae\documents\oregon state university\courses\fall 2016\cs 450\project 2\sample.cpp(1026): warning C4305: 'argument': truncation from 'double' to 'GLfloat'
c:\users\rheamae\documents\oregon state university\courses\fall 2016\cs 450\project 2\sample.cpp(1031): warning C4305: 'argument': truncation from 'double' to 'GLfloat'
c:\users\rheamae\documents\oregon state university\courses\fall 2016\cs 450\project 2\sample.cpp(1032): warning C4305: 'argument': truncation from 'double' to 'GLfloat'
c:\users\rheamae\documents\oregon state university\courses\fall 2016\cs 450\project 2\sample.cpp(1033): warning C4305: 'argument': truncation from 'double' to 'GLfloat'
c:\users\rheamae\documents\oregon state university\courses\fall 2016\cs 450\project 2\sample.cpp(1045): warning C4305: 'argument': truncation from 'double' to 'GLfloat'
c:\users\rheamae\documents\oregon state university\courses\fall 2016\cs 450\project 2\sample.cpp(1047): warning C4305: 'argument': truncation from 'double' to 'GLfloat'
c:\users\rheamae\documents\oregon state university\courses\fall 2016\cs 450\project 2\sample.cpp(1052): warning C4305: 'argument': truncation from 'double' to 'GLfloat'
c:\users\rheamae\documents\oregon state university\courses\fall 2016\cs 450\project 2\sample.cpp(1054): warning C4305: 'argument': truncation from 'double' to 'GLfloat'
c:\users\rheamae\documents\oregon state university\courses\fall 2016\cs 450\project 2\sample.cpp(1423): warning C4244: 'initializing': conversion from 'double' to 'float', possible loss of data
sample.obj : warning LNK4075: ignoring '/EDITANDCONTINUE' due to '/OPT:LBR' specification
  Sample.vcxproj -> C:\Users\RheaMae\Documents\Oregon State University\Courses\Fall 2016\CS 450\Project 2\.\Debug\Sample.exe
  Sample.vcxproj -> .\Debug/Sample.pdb (Full PDB)
